2026-03-04 02:13:40.506 [restartedMain] INFO  com.example.Ekart.EkartApplication - Starting EkartApplication using Java 21.0.4 with PID 9632 (C:\Users\akum1183\OneDrive - Capgemini\Documents\Ekart\Ekart\target\classes started by akum1183 in C:\Users\akum1183\OneDrive - Capgemini\Documents\Ekart)
2026-03-04 02:13:40.537 [restartedMain] DEBUG com.example.Ekart.EkartApplication - Running with Spring Boot v4.0.3, Spring v7.0.5
2026-03-04 02:13:40.538 [restartedMain] INFO  com.example.Ekart.EkartApplication - No active profile set, falling back to 1 default profile: "default"
2026-03-04 02:13:40.625 [restartedMain] INFO  o.s.b.d.e.DevToolsPropertyDefaultsPostProcessor - Devtools property defaults active! Set 'spring.devtools.add-properties' to 'false' to disable
2026-03-04 02:13:40.625 [restartedMain] INFO  o.s.b.d.e.DevToolsPropertyDefaultsPostProcessor - For additional web related logging consider setting the 'logging.level.web' property to 'DEBUG'
2026-03-04 02:13:41.957 [restartedMain] INFO  o.s.d.r.c.RepositoryConfigurationDelegate - Bootstrapping Spring Data JPA repositories in DEFAULT mode.
2026-03-04 02:13:42.074 [restartedMain] INFO  o.s.d.r.c.RepositoryConfigurationDelegate - Finished Spring Data repository scanning in 96 ms. Found 3 JPA repository interfaces.
2026-03-04 02:13:43.100 [restartedMain] INFO  o.s.boot.tomcat.TomcatWebServer - Tomcat initialized with port 8080 (http)
2026-03-04 02:13:43.124 [restartedMain] INFO  o.a.coyote.http11.Http11NioProtocol - Initializing ProtocolHandler ["http-nio-8080"]
2026-03-04 02:13:43.129 [restartedMain] INFO  o.a.catalina.core.StandardService - Starting service [Tomcat]
2026-03-04 02:13:43.129 [restartedMain] INFO  o.a.catalina.core.StandardEngine - Starting Servlet engine: [Apache Tomcat/11.0.18]
2026-03-04 02:13:43.249 [restartedMain] INFO  o.s.b.w.c.s.WebApplicationContextInitializer - Root WebApplicationContext: initialization completed in 2622 ms
2026-03-04 02:13:44.634 [restartedMain] INFO  o.s.o.j.p.SpringPersistenceUnitInfo - No LoadTimeWeaver setup: ignoring JPA class transformer
2026-03-04 02:13:44.690 [restartedMain] INFO  com.zaxxer.hikari.HikariDataSource - HikariPool-1 - Starting...
2026-03-04 02:13:45.010 [restartedMain] INFO  com.zaxxer.hikari.pool.HikariPool - HikariPool-1 - Added connection org.postgresql.jdbc.PgConnection@26f65704
2026-03-04 02:13:45.012 [restartedMain] INFO  com.zaxxer.hikari.HikariDataSource - HikariPool-1 - Start completed.
2026-03-04 02:13:45.080 [restartedMain] WARN  org.hibernate.orm.deprecation - HHH90000025: PostgreSQLDialect does not need to be specified explicitly using 'hibernate.dialect' (remove the property setting and it will be selected by default)
2026-03-04 02:13:46.955 [restartedMain] INFO  o.s.o.j.LocalContainerEntityManagerFactoryBean - Initialized JPA EntityManagerFactory for persistence unit 'default'
2026-03-04 02:13:47.058 [restartedMain] INFO  o.s.d.j.r.q.QueryEnhancerFactories - Hibernate is in classpath; If applicable, HQL parser will be used.
2026-03-04 02:13:47.363 [restartedMain] DEBUG c.e.E.config.JwtAuthenticationFilter - Filter 'jwtAuthenticationFilter' configured for use
2026-03-04 02:13:47.455 [restartedMain] INFO  o.s.s.c.a.a.c.InitializeUserDetailsBeanManagerConfigurer$InitializeUserDetailsManagerConfigurer - Global AuthenticationManager configured with UserDetailsService bean with name customUserDetailsService
2026-03-04 02:13:47.560 [restartedMain] WARN  o.s.b.j.a.JpaBaseConfiguration$JpaWebConfiguration - spring.jpa.open-in-view is enabled by default. Therefore, database queries may be performed during view rendering. Explicitly configure spring.jpa.open-in-view to disable this warning
2026-03-04 02:13:48.375 [restartedMain] INFO  o.a.coyote.http11.Http11NioProtocol - Starting ProtocolHandler ["http-nio-8080"]
2026-03-04 02:13:48.421 [restartedMain] INFO  o.s.boot.tomcat.TomcatWebServer - Tomcat started on port 8080 (http) with context path '/'
2026-03-04 02:13:48.430 [restartedMain] INFO  com.example.Ekart.EkartApplication - Started EkartApplication in 8.812 seconds (process running for 9.72)
2026-03-04 02:15:23.990 [http-nio-8080-exec-1] INFO  o.a.c.c.C.[Tomcat].[localhost].[/] - Initializing Spring DispatcherServlet 'dispatcherServlet'
2026-03-04 02:15:23.991 [http-nio-8080-exec-1] INFO  o.s.web.servlet.DispatcherServlet - Initializing Servlet 'dispatcherServlet'
2026-03-04 02:15:23.993 [http-nio-8080-exec-1] INFO  o.s.web.servlet.DispatcherServlet - Completed initialization in 1 ms
2026-03-04 02:15:25.482 [http-nio-8080-exec-5] INFO  c.e.E.controller.ProductController - GET /api/products - listing all products
2026-03-04 02:15:25.483 [http-nio-8080-exec-5] INFO  c.e.Ekart.service.ProductService - ProductService.getAll
2026-03-04 02:15:25.765 [http-nio-8080-exec-6] INFO  c.e.E.controller.ProductController - GET /api/products - listing all products
2026-03-04 02:15:25.765 [http-nio-8080-exec-6] INFO  c.e.Ekart.service.ProductService - ProductService.getAll
2026-03-04 02:15:26.066 [http-nio-8080-exec-9] INFO  c.e.E.controller.ProductController - GET /api/products/20/image - fetching image
2026-03-04 02:15:26.066 [http-nio-8080-exec-10] INFO  c.e.E.controller.ProductController - GET /api/products/19/image - fetching image
2026-03-04 02:15:26.066 [http-nio-8080-exec-9] INFO  c.e.Ekart.service.ProductService - ProductService.getById id=20
2026-03-04 02:15:26.068 [http-nio-8080-exec-10] INFO  c.e.Ekart.service.ProductService - ProductService.getById id=19
2026-03-04 02:15:26.077 [http-nio-8080-exec-8] INFO  c.e.E.controller.ProductController - GET /api/products/16/image - fetching image
2026-03-04 02:15:26.078 [http-nio-8080-exec-7] INFO  c.e.E.controller.ProductController - GET /api/products/15/image - fetching image
2026-03-04 02:15:26.080 [http-nio-8080-exec-8] INFO  c.e.Ekart.service.ProductService - ProductService.getById id=16
2026-03-04 02:15:26.082 [http-nio-8080-exec-1] INFO  c.e.E.controller.ProductController - GET /api/products/22/image - fetching image
2026-03-04 02:15:26.083 [http-nio-8080-exec-7] INFO  c.e.Ekart.service.ProductService - ProductService.getById id=15
2026-03-04 02:15:26.083 [http-nio-8080-exec-1] INFO  c.e.Ekart.service.ProductService - ProductService.getById id=22
2026-03-04 02:15:26.214 [http-nio-8080-exec-2] INFO  c.e.E.controller.ProductController - GET /api/products/18/image - fetching image
2026-03-04 02:15:26.215 [http-nio-8080-exec-2] INFO  c.e.Ekart.service.ProductService - ProductService.getById id=18
2026-03-04 02:16:28.110 [http-nio-8080-exec-2] INFO  c.e.E.controller.ProductController - POST /api/products - creating product: name=Sport Shoes
2026-03-04 02:16:28.110 [http-nio-8080-exec-2] INFO  c.e.Ekart.service.ProductService - ProductService.createWithImage name=Sport Shoes
2026-03-04 02:16:29.902 [http-nio-8080-exec-3] INFO  c.e.E.controller.ProductController - GET /api/products - listing all products
2026-03-04 02:16:29.903 [http-nio-8080-exec-3] INFO  c.e.Ekart.service.ProductService - ProductService.getAll
2026-03-04 02:16:30.038 [http-nio-8080-exec-1] INFO  c.e.E.controller.ProductController - GET /api/products - listing all products
2026-03-04 02:16:30.039 [http-nio-8080-exec-1] INFO  c.e.Ekart.service.ProductService - ProductService.getAll
2026-03-04 02:16:30.271 [http-nio-8080-exec-9] INFO  c.e.E.controller.ProductController - GET /api/products/23/image - fetching image
2026-03-04 02:16:30.275 [http-nio-8080-exec-9] INFO  c.e.Ekart.service.ProductService - ProductService.getById id=23
2026-03-04 02:17:03.313 [http-nio-8080-exec-4] INFO  c.e.E.controller.ProductController - GET /api/products - listing all products
2026-03-04 02:17:03.314 [http-nio-8080-exec-4] INFO  c.e.Ekart.service.ProductService - ProductService.getAll
2026-03-04 02:17:03.462 [http-nio-8080-exec-7] INFO  c.e.E.controller.ProductController - GET /api/products - listing all products
2026-03-04 02:17:03.464 [http-nio-8080-exec-7] INFO  c.e.Ekart.service.ProductService - ProductService.getAll
2026-03-04 02:17:13.192 [http-nio-8080-exec-10] INFO  c.e.E.controller.ProductController - GET /api/products - listing all products
2026-03-04 02:17:13.192 [http-nio-8080-exec-10] INFO  c.e.Ekart.service.ProductService - ProductService.getAll
2026-03-04 02:17:13.304 [http-nio-8080-exec-3] INFO  c.e.E.controller.ProductController - GET /api/products - listing all products
2026-03-04 02:17:13.306 [http-nio-8080-exec-3] INFO  c.e.Ekart.service.ProductService - ProductService.getAll
2026-03-04 02:17:24.802 [http-nio-8080-exec-4] INFO  c.e.E.controller.ProductController - GET /api/products - listing all products
2026-03-04 02:17:24.802 [http-nio-8080-exec-4] INFO  c.e.Ekart.service.ProductService - ProductService.getAll
2026-03-04 02:17:24.926 [http-nio-8080-exec-7] INFO  c.e.E.controller.ProductController - GET /api/products - listing all products
2026-03-04 02:17:24.926 [http-nio-8080-exec-7] INFO  c.e.Ekart.service.ProductService - ProductService.getAll
2026-03-04 02:17:25.165 [http-nio-8080-exec-10] INFO  c.e.E.controller.ProductController - GET /api/products/20/image - fetching image
2026-03-04 02:17:25.165 [http-nio-8080-exec-9] INFO  c.e.E.controller.ProductController - GET /api/products/19/image - fetching image
2026-03-04 02:17:25.166 [http-nio-8080-exec-8] INFO  c.e.E.controller.ProductController - GET /api/products/15/image - fetching image
2026-03-04 02:17:25.166 [http-nio-8080-exec-10] INFO  c.e.Ekart.service.ProductService - ProductService.getById id=20
2026-03-04 02:17:25.166 [http-nio-8080-exec-3] INFO  c.e.E.controller.ProductController - GET /api/products/22/image - fetching image
2026-03-04 02:17:25.166 [http-nio-8080-exec-9] INFO  c.e.Ekart.service.ProductService - ProductService.getById id=19
2026-03-04 02:17:25.166 [http-nio-8080-exec-3] INFO  c.e.Ekart.service.ProductService - ProductService.getById id=22
2026-03-04 02:17:25.166 [http-nio-8080-exec-2] INFO  c.e.E.controller.ProductController - GET /api/products/16/image - fetching image
2026-03-04 02:17:25.166 [http-nio-8080-exec-8] INFO  c.e.Ekart.service.ProductService - ProductService.getById id=15
2026-03-04 02:17:25.168 [http-nio-8080-exec-2] INFO  c.e.Ekart.service.ProductService - ProductService.getById id=16
2026-03-04 02:17:25.272 [http-nio-8080-exec-1] INFO  c.e.E.controller.ProductController - GET /api/products/18/image - fetching image
2026-03-04 02:17:25.272 [http-nio-8080-exec-1] INFO  c.e.Ekart.service.ProductService - ProductService.getById id=18
2026-03-04 02:17:25.297 [http-nio-8080-exec-6] INFO  c.e.E.controller.ProductController - GET /api/products/23/image - fetching image
2026-03-04 02:17:25.297 [http-nio-8080-exec-6] INFO  c.e.Ekart.service.ProductService - ProductService.getById id=23
2026-03-04 02:18:17.436 [http-nio-8080-exec-9] INFO  c.e.E.controller.ProductController - GET /api/products - listing all products
2026-03-04 02:18:17.439 [http-nio-8080-exec-9] INFO  c.e.Ekart.service.ProductService - ProductService.getAll
2026-03-04 02:18:17.496 [http-nio-8080-exec-7] INFO  c.e.E.controller.ProductController - GET /api/products - listing all products
2026-03-04 02:18:17.499 [http-nio-8080-exec-7] INFO  c.e.Ekart.service.ProductService - ProductService.getAll
2026-03-04 02:18:44.883 [http-nio-8080-exec-4] INFO  c.e.E.controller.ProductController - GET /api/products - listing all products
2026-03-04 02:18:44.884 [http-nio-8080-exec-4] INFO  c.e.Ekart.service.ProductService - ProductService.getAll
2026-03-04 02:18:44.964 [http-nio-8080-exec-7] INFO  c.e.E.controller.ProductController - GET /api/products - listing all products
2026-03-04 02:18:44.966 [http-nio-8080-exec-7] INFO  c.e.Ekart.service.ProductService - ProductService.getAll
2026-03-04 02:19:09.259 [http-nio-8080-exec-3] INFO  c.e.E.controller.ProductController - GET /api/products - listing all products
2026-03-04 02:19:09.260 [http-nio-8080-exec-3] INFO  c.e.Ekart.service.ProductService - ProductService.getAll
2026-03-04 02:19:09.363 [http-nio-8080-exec-8] INFO  c.e.E.controller.ProductController - GET /api/products - listing all products
2026-03-04 02:19:09.364 [http-nio-8080-exec-8] INFO  c.e.Ekart.service.ProductService - ProductService.getAll
2026-03-04 02:19:09.577 [http-nio-8080-exec-2] INFO  c.e.E.controller.ProductController - GET /api/products/15/image - fetching image
2026-03-04 02:19:09.578 [http-nio-8080-exec-2] INFO  c.e.Ekart.service.ProductService - ProductService.getById id=15
2026-03-04 02:19:09.579 [http-nio-8080-exec-4] INFO  c.e.E.controller.ProductController - GET /api/products/22/image - fetching image
2026-03-04 02:19:09.580 [http-nio-8080-exec-4] INFO  c.e.Ekart.service.ProductService - ProductService.getById id=22
2026-03-04 02:19:09.580 [http-nio-8080-exec-5] INFO  c.e.E.controller.ProductController - GET /api/products/20/image - fetching image
2026-03-04 02:19:09.580 [http-nio-8080-exec-9] INFO  c.e.E.controller.ProductController - GET /api/products/16/image - fetching image
2026-03-04 02:19:09.580 [http-nio-8080-exec-7] INFO  c.e.E.controller.ProductController - GET /api/products/19/image - fetching image
2026-03-04 02:19:09.581 [http-nio-8080-exec-5] INFO  c.e.Ekart.service.ProductService - ProductService.getById id=20
2026-03-04 02:19:09.581 [http-nio-8080-exec-7] INFO  c.e.Ekart.service.ProductService - ProductService.getById id=19
2026-03-04 02:19:09.581 [http-nio-8080-exec-9] INFO  c.e.Ekart.service.ProductService - ProductService.getById id=16
2026-03-04 02:19:09.694 [http-nio-8080-exec-1] INFO  c.e.E.controller.ProductController - GET /api/products/23/image - fetching image
2026-03-04 02:19:09.694 [http-nio-8080-exec-10] INFO  c.e.E.controller.ProductController - GET /api/products/18/image - fetching image
2026-03-04 02:19:09.694 [http-nio-8080-exec-1] INFO  c.e.Ekart.service.ProductService - ProductService.getById id=23
2026-03-04 02:19:09.694 [http-nio-8080-exec-10] INFO  c.e.Ekart.service.ProductService - ProductService.getById id=18
