2026-02-27 01:27:18.546 [restartedMain] INFO  com.example.Ekart.EkartApplication - Starting EkartApplication using Java 21.0.4 with PID 29480 (C:\Users\akum1183\OneDrive - Capgemini\Documents\Ekart\Ekart\target\classes started by akum1183 in C:\Users\akum1183\OneDrive - Capgemini\Documents\Ekart)
2026-02-27 01:27:18.549 [restartedMain] DEBUG com.example.Ekart.EkartApplication - Running with Spring Boot v4.0.3, Spring v7.0.5
2026-02-27 01:27:18.551 [restartedMain] INFO  com.example.Ekart.EkartApplication - No active profile set, falling back to 1 default profile: "default"
2026-02-27 01:27:18.648 [restartedMain] INFO  o.s.b.d.e.DevToolsPropertyDefaultsPostProcessor - Devtools property defaults active! Set 'spring.devtools.add-properties' to 'false' to disable
2026-02-27 01:27:18.657 [restartedMain] INFO  o.s.b.d.e.DevToolsPropertyDefaultsPostProcessor - For additional web related logging consider setting the 'logging.level.web' property to 'DEBUG'
2026-02-27 01:27:19.950 [restartedMain] INFO  o.s.d.r.c.RepositoryConfigurationDelegate - Bootstrapping Spring Data JPA repositories in DEFAULT mode.
2026-02-27 01:27:20.092 [restartedMain] INFO  o.s.d.r.c.RepositoryConfigurationDelegate - Finished Spring Data repository scanning in 120 ms. Found 3 JPA repository interfaces.
2026-02-27 01:27:21.150 [restartedMain] INFO  o.s.boot.tomcat.TomcatWebServer - Tomcat initialized with port 8080 (http)
2026-02-27 01:27:21.169 [restartedMain] INFO  o.a.coyote.http11.Http11NioProtocol - Initializing ProtocolHandler ["http-nio-8080"]
2026-02-27 01:27:21.173 [restartedMain] INFO  o.a.catalina.core.StandardService - Starting service [Tomcat]
2026-02-27 01:27:21.173 [restartedMain] INFO  o.a.catalina.core.StandardEngine - Starting Servlet engine: [Apache Tomcat/11.0.18]
2026-02-27 01:27:21.286 [restartedMain] INFO  o.s.b.w.c.s.WebApplicationContextInitializer - Root WebApplicationContext: initialization completed in 2627 ms
2026-02-27 01:27:22.704 [restartedMain] INFO  o.s.o.j.p.SpringPersistenceUnitInfo - No LoadTimeWeaver setup: ignoring JPA class transformer
2026-02-27 01:27:22.766 [restartedMain] INFO  com.zaxxer.hikari.HikariDataSource - HikariPool-1 - Starting...
2026-02-27 01:27:23.134 [restartedMain] INFO  com.zaxxer.hikari.pool.HikariPool - HikariPool-1 - Added connection org.postgresql.jdbc.PgConnection@617cd621
2026-02-27 01:27:23.137 [restartedMain] INFO  com.zaxxer.hikari.HikariDataSource - HikariPool-1 - Start completed.
2026-02-27 01:27:23.189 [restartedMain] WARN  org.hibernate.orm.deprecation - HHH90000025: PostgreSQLDialect does not need to be specified explicitly using 'hibernate.dialect' (remove the property setting and it will be selected by default)
2026-02-27 01:27:25.052 [restartedMain] INFO  o.s.o.j.LocalContainerEntityManagerFactoryBean - Initialized JPA EntityManagerFactory for persistence unit 'default'
2026-02-27 01:27:25.158 [restartedMain] INFO  o.s.d.j.r.q.QueryEnhancerFactories - Hibernate is in classpath; If applicable, HQL parser will be used.
2026-02-27 01:27:25.469 [restartedMain] DEBUG c.e.E.config.JwtAuthenticationFilter - Filter 'jwtAuthenticationFilter' configured for use
2026-02-27 01:27:25.559 [restartedMain] INFO  o.s.s.c.a.a.c.InitializeUserDetailsBeanManagerConfigurer$InitializeUserDetailsManagerConfigurer - Global AuthenticationManager configured with UserDetailsService bean with name customUserDetailsService
2026-02-27 01:27:25.684 [restartedMain] WARN  o.s.b.j.a.JpaBaseConfiguration$JpaWebConfiguration - spring.jpa.open-in-view is enabled by default. Therefore, database queries may be performed during view rendering. Explicitly configure spring.jpa.open-in-view to disable this warning
2026-02-27 01:27:26.704 [restartedMain] INFO  o.a.coyote.http11.Http11NioProtocol - Starting ProtocolHandler ["http-nio-8080"]
2026-02-27 01:27:26.749 [restartedMain] INFO  o.s.boot.tomcat.TomcatWebServer - Tomcat started on port 8080 (http) with context path '/'
2026-02-27 01:27:26.760 [restartedMain] INFO  com.example.Ekart.EkartApplication - Started EkartApplication in 9.181 seconds (process running for 10.169)
2026-02-27 01:27:44.827 [http-nio-8080-exec-1] INFO  o.a.c.c.C.[Tomcat].[localhost].[/] - Initializing Spring DispatcherServlet 'dispatcherServlet'
2026-02-27 01:27:44.827 [http-nio-8080-exec-1] INFO  o.s.web.servlet.DispatcherServlet - Initializing Servlet 'dispatcherServlet'
2026-02-27 01:27:44.827 [http-nio-8080-exec-1] INFO  o.s.web.servlet.DispatcherServlet - Completed initialization in 0 ms
2026-02-27 01:27:46.545 [http-nio-8080-exec-4] INFO  c.e.E.controller.ProductController - GET /api/products - listing all products
2026-02-27 01:27:46.545 [http-nio-8080-exec-4] INFO  c.e.Ekart.service.ProductService - ProductService.getAll
2026-02-27 01:33:07.725 [restartedMain] INFO  com.example.Ekart.EkartApplication - Starting EkartApplication using Java 21.0.4 with PID 36064 (C:\Users\akum1183\OneDrive - Capgemini\Documents\Ekart\Ekart\target\classes started by akum1183 in C:\Users\akum1183\OneDrive - Capgemini\Documents\Ekart)
2026-02-27 01:33:07.730 [restartedMain] DEBUG com.example.Ekart.EkartApplication - Running with Spring Boot v4.0.3, Spring v7.0.5
2026-02-27 01:33:07.730 [restartedMain] INFO  com.example.Ekart.EkartApplication - No active profile set, falling back to 1 default profile: "default"
2026-02-27 01:33:07.811 [restartedMain] INFO  o.s.b.d.e.DevToolsPropertyDefaultsPostProcessor - Devtools property defaults active! Set 'spring.devtools.add-properties' to 'false' to disable
2026-02-27 01:33:07.811 [restartedMain] INFO  o.s.b.d.e.DevToolsPropertyDefaultsPostProcessor - For additional web related logging consider setting the 'logging.level.web' property to 'DEBUG'
2026-02-27 01:33:09.122 [restartedMain] INFO  o.s.d.r.c.RepositoryConfigurationDelegate - Bootstrapping Spring Data JPA repositories in DEFAULT mode.
2026-02-27 01:33:09.226 [restartedMain] INFO  o.s.d.r.c.RepositoryConfigurationDelegate - Finished Spring Data repository scanning in 93 ms. Found 3 JPA repository interfaces.
2026-02-27 01:33:10.325 [restartedMain] INFO  o.s.boot.tomcat.TomcatWebServer - Tomcat initialized with port 8080 (http)
2026-02-27 01:33:10.348 [restartedMain] INFO  o.a.coyote.http11.Http11NioProtocol - Initializing ProtocolHandler ["http-nio-8080"]
2026-02-27 01:33:10.355 [restartedMain] INFO  o.a.catalina.core.StandardService - Starting service [Tomcat]
2026-02-27 01:33:10.356 [restartedMain] INFO  o.a.catalina.core.StandardEngine - Starting Servlet engine: [Apache Tomcat/11.0.18]
2026-02-27 01:33:10.474 [restartedMain] INFO  o.s.b.w.c.s.WebApplicationContextInitializer - Root WebApplicationContext: initialization completed in 2657 ms
2026-02-27 01:33:11.936 [restartedMain] INFO  o.s.o.j.p.SpringPersistenceUnitInfo - No LoadTimeWeaver setup: ignoring JPA class transformer
2026-02-27 01:33:12.000 [restartedMain] INFO  com.zaxxer.hikari.HikariDataSource - HikariPool-1 - Starting...
2026-02-27 01:33:12.468 [restartedMain] INFO  com.zaxxer.hikari.pool.HikariPool - HikariPool-1 - Added connection org.postgresql.jdbc.PgConnection@617cd621
2026-02-27 01:33:12.471 [restartedMain] INFO  com.zaxxer.hikari.HikariDataSource - HikariPool-1 - Start completed.
2026-02-27 01:33:12.538 [restartedMain] WARN  org.hibernate.orm.deprecation - HHH90000025: PostgreSQLDialect does not need to be specified explicitly using 'hibernate.dialect' (remove the property setting and it will be selected by default)
2026-02-27 01:33:14.505 [restartedMain] INFO  o.s.o.j.LocalContainerEntityManagerFactoryBean - Initialized JPA EntityManagerFactory for persistence unit 'default'
2026-02-27 01:33:14.625 [restartedMain] INFO  o.s.d.j.r.q.QueryEnhancerFactories - Hibernate is in classpath; If applicable, HQL parser will be used.
2026-02-27 01:33:14.966 [restartedMain] DEBUG c.e.E.config.JwtAuthenticationFilter - Filter 'jwtAuthenticationFilter' configured for use
2026-02-27 01:33:15.051 [restartedMain] INFO  o.s.s.c.a.a.c.InitializeUserDetailsBeanManagerConfigurer$InitializeUserDetailsManagerConfigurer - Global AuthenticationManager configured with UserDetailsService bean with name customUserDetailsService
2026-02-27 01:33:15.169 [restartedMain] WARN  o.s.b.j.a.JpaBaseConfiguration$JpaWebConfiguration - spring.jpa.open-in-view is enabled by default. Therefore, database queries may be performed during view rendering. Explicitly configure spring.jpa.open-in-view to disable this warning
2026-02-27 01:33:16.033 [restartedMain] INFO  o.a.coyote.http11.Http11NioProtocol - Starting ProtocolHandler ["http-nio-8080"]
2026-02-27 01:33:16.080 [restartedMain] INFO  o.s.boot.tomcat.TomcatWebServer - Tomcat started on port 8080 (http) with context path '/'
2026-02-27 01:33:16.090 [restartedMain] INFO  com.example.Ekart.EkartApplication - Started EkartApplication in 9.328 seconds (process running for 10.293)
2026-02-27 01:34:04.114 [http-nio-8080-exec-1] INFO  o.a.c.c.C.[Tomcat].[localhost].[/] - Initializing Spring DispatcherServlet 'dispatcherServlet'
2026-02-27 01:34:04.114 [http-nio-8080-exec-1] INFO  o.s.web.servlet.DispatcherServlet - Initializing Servlet 'dispatcherServlet'
2026-02-27 01:34:04.116 [http-nio-8080-exec-1] INFO  o.s.web.servlet.DispatcherServlet - Completed initialization in 0 ms
2026-02-27 01:34:06.073 [http-nio-8080-exec-4] INFO  c.e.E.controller.ProductController - GET /api/products - listing all products
2026-02-27 01:34:06.073 [http-nio-8080-exec-4] INFO  c.e.Ekart.service.ProductService - ProductService.getAll
2026-02-27 01:34:25.031 [http-nio-8080-exec-6] INFO  c.e.E.controller.ProductController - GET /api/products - listing all products
2026-02-27 01:34:25.031 [http-nio-8080-exec-6] INFO  c.e.Ekart.service.ProductService - ProductService.getAll
2026-02-27 01:34:29.864 [http-nio-8080-exec-8] INFO  c.e.E.controller.ProductController - GET /api/products/2 - fetching product
2026-02-27 01:34:29.865 [http-nio-8080-exec-8] INFO  c.e.Ekart.service.ProductService - ProductService.getById id=2
2026-02-27 14:12:42.094 [restartedMain] INFO  com.example.Ekart.EkartApplication - Starting EkartApplication using Java 21.0.4 with PID 18892 (C:\Users\akum1183\OneDrive - Capgemini\Documents\Ekart\Ekart\target\classes started by akum1183 in C:\Users\akum1183\OneDrive - Capgemini\Documents\Ekart)
2026-02-27 14:12:42.100 [restartedMain] DEBUG com.example.Ekart.EkartApplication - Running with Spring Boot v4.0.3, Spring v7.0.5
2026-02-27 14:12:42.100 [restartedMain] INFO  com.example.Ekart.EkartApplication - No active profile set, falling back to 1 default profile: "default"
2026-02-27 14:12:42.187 [restartedMain] INFO  o.s.b.d.e.DevToolsPropertyDefaultsPostProcessor - Devtools property defaults active! Set 'spring.devtools.add-properties' to 'false' to disable
2026-02-27 14:12:42.187 [restartedMain] INFO  o.s.b.d.e.DevToolsPropertyDefaultsPostProcessor - For additional web related logging consider setting the 'logging.level.web' property to 'DEBUG'
2026-02-27 14:12:43.244 [restartedMain] INFO  o.s.d.r.c.RepositoryConfigurationDelegate - Bootstrapping Spring Data JPA repositories in DEFAULT mode.
2026-02-27 14:12:43.352 [restartedMain] INFO  o.s.d.r.c.RepositoryConfigurationDelegate - Finished Spring Data repository scanning in 90 ms. Found 3 JPA repository interfaces.
2026-02-27 14:12:44.259 [restartedMain] INFO  o.s.boot.tomcat.TomcatWebServer - Tomcat initialized with port 8080 (http)
2026-02-27 14:12:44.286 [restartedMain] INFO  o.a.coyote.http11.Http11NioProtocol - Initializing ProtocolHandler ["http-nio-8080"]
2026-02-27 14:12:44.291 [restartedMain] INFO  o.a.catalina.core.StandardService - Starting service [Tomcat]
2026-02-27 14:12:44.293 [restartedMain] INFO  o.a.catalina.core.StandardEngine - Starting Servlet engine: [Apache Tomcat/11.0.18]
2026-02-27 14:12:44.400 [restartedMain] INFO  o.s.b.w.c.s.WebApplicationContextInitializer - Root WebApplicationContext: initialization completed in 2210 ms
2026-02-27 14:12:45.770 [restartedMain] INFO  o.s.o.j.p.SpringPersistenceUnitInfo - No LoadTimeWeaver setup: ignoring JPA class transformer
2026-02-27 14:12:45.823 [restartedMain] INFO  com.zaxxer.hikari.HikariDataSource - HikariPool-1 - Starting...
2026-02-27 14:12:46.150 [restartedMain] INFO  com.zaxxer.hikari.pool.HikariPool - HikariPool-1 - Added connection org.postgresql.jdbc.PgConnection@617cd621
2026-02-27 14:12:46.150 [restartedMain] INFO  com.zaxxer.hikari.HikariDataSource - HikariPool-1 - Start completed.
2026-02-27 14:12:46.231 [restartedMain] WARN  org.hibernate.orm.deprecation - HHH90000025: PostgreSQLDialect does not need to be specified explicitly using 'hibernate.dialect' (remove the property setting and it will be selected by default)
2026-02-27 14:12:48.034 [restartedMain] INFO  o.s.o.j.LocalContainerEntityManagerFactoryBean - Initialized JPA EntityManagerFactory for persistence unit 'default'
2026-02-27 14:12:48.153 [restartedMain] INFO  o.s.d.j.r.q.QueryEnhancerFactories - Hibernate is in classpath; If applicable, HQL parser will be used.
2026-02-27 14:12:48.438 [restartedMain] DEBUG c.e.E.config.JwtAuthenticationFilter - Filter 'jwtAuthenticationFilter' configured for use
2026-02-27 14:12:48.516 [restartedMain] INFO  o.s.s.c.a.a.c.InitializeUserDetailsBeanManagerConfigurer$InitializeUserDetailsManagerConfigurer - Global AuthenticationManager configured with UserDetailsService bean with name customUserDetailsService
2026-02-27 14:12:48.620 [restartedMain] WARN  o.s.b.j.a.JpaBaseConfiguration$JpaWebConfiguration - spring.jpa.open-in-view is enabled by default. Therefore, database queries may be performed during view rendering. Explicitly configure spring.jpa.open-in-view to disable this warning
2026-02-27 14:12:49.436 [restartedMain] INFO  o.a.coyote.http11.Http11NioProtocol - Starting ProtocolHandler ["http-nio-8080"]
2026-02-27 14:12:49.475 [restartedMain] INFO  o.s.boot.tomcat.TomcatWebServer - Tomcat started on port 8080 (http) with context path '/'
2026-02-27 14:12:49.488 [restartedMain] INFO  com.example.Ekart.EkartApplication - Started EkartApplication in 8.231 seconds (process running for 9.083)
2026-02-27 14:13:04.531 [http-nio-8080-exec-1] INFO  o.a.c.c.C.[Tomcat].[localhost].[/] - Initializing Spring DispatcherServlet 'dispatcherServlet'
2026-02-27 14:13:04.531 [http-nio-8080-exec-1] INFO  o.s.web.servlet.DispatcherServlet - Initializing Servlet 'dispatcherServlet'
2026-02-27 14:13:04.531 [http-nio-8080-exec-1] INFO  o.s.web.servlet.DispatcherServlet - Completed initialization in 0 ms
2026-02-27 14:13:06.177 [http-nio-8080-exec-4] INFO  c.e.E.controller.ProductController - GET /api/products - listing all products
2026-02-27 14:13:06.178 [http-nio-8080-exec-4] INFO  c.e.Ekart.service.ProductService - ProductService.getAll
2026-02-27 14:19:08.742 [HikariPool-1:housekeeper] WARN  com.zaxxer.hikari.pool.HikariPool - HikariPool-1 - Thread starvation or clock leap detected (housekeeper delta=52s383ms193µs600ns).
2026-02-27 14:26:12.506 [HikariPool-1:housekeeper] WARN  com.zaxxer.hikari.pool.HikariPool - HikariPool-1 - Thread starvation or clock leap detected (housekeeper delta=7m3s764ms564µs300ns).
2026-02-27 14:40:12.666 [restartedMain] INFO  com.example.Ekart.EkartApplication - Starting EkartApplication using Java 21.0.4 with PID 32064 (C:\Users\akum1183\OneDrive - Capgemini\Documents\Ekart\Ekart\target\classes started by akum1183 in C:\Users\akum1183\OneDrive - Capgemini\Documents\Ekart)
2026-02-27 14:40:12.673 [restartedMain] DEBUG com.example.Ekart.EkartApplication - Running with Spring Boot v4.0.3, Spring v7.0.5
2026-02-27 14:40:12.674 [restartedMain] INFO  com.example.Ekart.EkartApplication - No active profile set, falling back to 1 default profile: "default"
2026-02-27 14:40:12.800 [restartedMain] INFO  o.s.b.d.e.DevToolsPropertyDefaultsPostProcessor - Devtools property defaults active! Set 'spring.devtools.add-properties' to 'false' to disable
2026-02-27 14:40:12.800 [restartedMain] INFO  o.s.b.d.e.DevToolsPropertyDefaultsPostProcessor - For additional web related logging consider setting the 'logging.level.web' property to 'DEBUG'
2026-02-27 14:40:14.339 [restartedMain] INFO  o.s.d.r.c.RepositoryConfigurationDelegate - Bootstrapping Spring Data JPA repositories in DEFAULT mode.
2026-02-27 14:40:14.463 [restartedMain] INFO  o.s.d.r.c.RepositoryConfigurationDelegate - Finished Spring Data repository scanning in 104 ms. Found 3 JPA repository interfaces.
2026-02-27 14:40:15.673 [restartedMain] INFO  o.s.boot.tomcat.TomcatWebServer - Tomcat initialized with port 8080 (http)
2026-02-27 14:40:15.701 [restartedMain] INFO  o.a.coyote.http11.Http11NioProtocol - Initializing ProtocolHandler ["http-nio-8080"]
2026-02-27 14:40:15.708 [restartedMain] INFO  o.a.catalina.core.StandardService - Starting service [Tomcat]
2026-02-27 14:40:15.708 [restartedMain] INFO  o.a.catalina.core.StandardEngine - Starting Servlet engine: [Apache Tomcat/11.0.18]
2026-02-27 14:40:15.849 [restartedMain] INFO  o.s.b.w.c.s.WebApplicationContextInitializer - Root WebApplicationContext: initialization completed in 3047 ms
2026-02-27 14:40:17.593 [restartedMain] INFO  o.s.o.j.p.SpringPersistenceUnitInfo - No LoadTimeWeaver setup: ignoring JPA class transformer
2026-02-27 14:40:17.668 [restartedMain] INFO  com.zaxxer.hikari.HikariDataSource - HikariPool-1 - Starting...
2026-02-27 14:40:18.102 [restartedMain] INFO  com.zaxxer.hikari.pool.HikariPool - HikariPool-1 - Added connection org.postgresql.jdbc.PgConnection@4a8b3b22
2026-02-27 14:40:18.106 [restartedMain] INFO  com.zaxxer.hikari.HikariDataSource - HikariPool-1 - Start completed.
2026-02-27 14:40:18.186 [restartedMain] WARN  org.hibernate.orm.deprecation - HHH90000025: PostgreSQLDialect does not need to be specified explicitly using 'hibernate.dialect' (remove the property setting and it will be selected by default)
2026-02-27 14:40:20.585 [restartedMain] INFO  o.s.o.j.LocalContainerEntityManagerFactoryBean - Initialized JPA EntityManagerFactory for persistence unit 'default'
2026-02-27 14:40:20.708 [restartedMain] INFO  o.s.d.j.r.q.QueryEnhancerFactories - Hibernate is in classpath; If applicable, HQL parser will be used.
2026-02-27 14:40:21.116 [restartedMain] DEBUG c.e.E.config.JwtAuthenticationFilter - Filter 'jwtAuthenticationFilter' configured for use
2026-02-27 14:40:21.232 [restartedMain] INFO  o.s.s.c.a.a.c.InitializeUserDetailsBeanManagerConfigurer$InitializeUserDetailsManagerConfigurer - Global AuthenticationManager configured with UserDetailsService bean with name customUserDetailsService
2026-02-27 14:40:21.378 [restartedMain] WARN  o.s.b.j.a.JpaBaseConfiguration$JpaWebConfiguration - spring.jpa.open-in-view is enabled by default. Therefore, database queries may be performed during view rendering. Explicitly configure spring.jpa.open-in-view to disable this warning
2026-02-27 14:40:22.416 [restartedMain] INFO  o.a.coyote.http11.Http11NioProtocol - Starting ProtocolHandler ["http-nio-8080"]
2026-02-27 14:40:22.470 [restartedMain] INFO  o.s.boot.tomcat.TomcatWebServer - Tomcat started on port 8080 (http) with context path '/'
2026-02-27 14:40:22.479 [restartedMain] INFO  com.example.Ekart.EkartApplication - Started EkartApplication in 10.966 seconds (process running for 12.07)
2026-02-27 14:41:28.298 [http-nio-8080-exec-1] INFO  o.a.c.c.C.[Tomcat].[localhost].[/] - Initializing Spring DispatcherServlet 'dispatcherServlet'
2026-02-27 14:41:28.298 [http-nio-8080-exec-1] INFO  o.s.web.servlet.DispatcherServlet - Initializing Servlet 'dispatcherServlet'
2026-02-27 14:41:28.300 [http-nio-8080-exec-1] INFO  o.s.web.servlet.DispatcherServlet - Completed initialization in 1 ms
2026-02-27 14:41:30.165 [http-nio-8080-exec-4] INFO  c.e.E.controller.ProductController - GET /api/products - listing all products
2026-02-27 14:41:30.166 [http-nio-8080-exec-4] INFO  c.e.Ekart.service.ProductService - ProductService.getAll
2026-02-27 14:42:51.260 [http-nio-8080-exec-9] INFO  c.e.E.controller.ProductController - GET /api/products - listing all products
2026-02-27 14:42:51.261 [http-nio-8080-exec-9] INFO  c.e.Ekart.service.ProductService - ProductService.getAll
2026-02-27 14:43:00.999 [http-nio-8080-exec-1] INFO  c.e.E.controller.ProductController - GET /api/products/1 - fetching product
2026-02-27 14:43:01.000 [http-nio-8080-exec-1] INFO  c.e.Ekart.service.ProductService - ProductService.getById id=1
2026-02-27 14:43:01.007 [http-nio-8080-exec-3] INFO  c.e.E.controller.ProductController - GET /api/products/3 - fetching product
2026-02-27 14:43:01.009 [http-nio-8080-exec-3] INFO  c.e.Ekart.service.ProductService - ProductService.getById id=3
2026-02-27 14:43:04.769 [http-nio-8080-exec-4] INFO  c.e.E.controller.ProductController - GET /api/products/1 - fetching product
2026-02-27 14:43:04.769 [http-nio-8080-exec-5] INFO  c.e.E.controller.ProductController - GET /api/products/3 - fetching product
2026-02-27 14:43:04.770 [http-nio-8080-exec-4] INFO  c.e.Ekart.service.ProductService - ProductService.getById id=1
2026-02-27 14:43:04.770 [http-nio-8080-exec-5] INFO  c.e.Ekart.service.ProductService - ProductService.getById id=3
